[webdevcode.com/html/cretech/index.html]
[backblue.gif]
[fade.gif]
[index.html]
[webdevcode.com/html/cretech/assets/images/favicons/apple-touch-icon.png]
[webdevcode.com/html/cretech/assets/images/favicons/favicon-32x32.png]
[webdevcode.com/html/cretech/assets/images/favicons/favicon-16x16.png]
[webdevcode.com/html/cretech/assets/images/favicons/site.webmanifest]
[webdevcode.com/html/cretech/assets/vendors/bootstrap/css/bootstrap.min.css]
[webdevcode.com/html/cretech/assets/vendors/fontawesome/css/all.min.css]
[webdevcode.com/html/cretech/assets/vendors/jarallax/jarallax.css]
[webdevcode.com/html/cretech/assets/vendors/animate/animate.min.css]
[webdevcode.com/html/cretech/assets/vendors/owl-carousel/assets/owl.carousel.min.css]
[webdevcode.com/html/cretech/assets/vendors/owl-carousel/assets/owl.theme.default.min.css]
[webdevcode.com/html/cretech/assets/vendors/cretech-icons/style.css]
[webdevcode.com/html/cretech/assets/vendors/youtube-popup/youtube-popup.css]
[webdevcode.com/html/cretech/assets/css/cretech.css]
[webdevcode.com/html/cretech/index-2.html]
[webdevcode.com/html/cretech/assets/images/logo-dark.png]
[webdevcode.com/html/cretech/index-3.html]
[webdevcode.com/html/cretech/index-4.html]
[webdevcode.com/html/cretech/about.html]
[webdevcode.com/html/cretech/team.html]
[webdevcode.com/html/cretech/services-1.html]
[webdevcode.com/html/cretech/services-2.html]
[webdevcode.com/html/cretech/service-cyber-security.html]
[webdevcode.com/html/cretech/service-it-management.html]
[webdevcode.com/html/cretech/service-qa-testing.html]
[webdevcode.com/html/cretech/service-infrastructure-plan.html]
[webdevcode.com/html/cretech/service-it-consultent.html]
[webdevcode.com/html/cretech/projects.html]
[webdevcode.com/html/cretech/project-details.html]
[webdevcode.com/html/cretech/blog.html]
[webdevcode.com/html/cretech/blog-details.html]
[webdevcode.com/html/cretech/contact.html]
[webdevcode.com/html/cretech/assets/images/background/slider-1-1.jpg]
[webdevcode.com/html/cretech/assets/images/background/slider-1-2.jpg]
[webdevcode.com/html/cretech/assets/images/resources/about-five-1-1.jpg]
[webdevcode.com/html/cretech/assets/images/resources/about-five-1-2.jpg]
[webdevcode.com/html/cretech/assets/images/resources/about-four-author-1.jpg]
[webdevcode.com/html/cretech/assets/images/shapes/service-four-bg-1-1.png]
[webdevcode.com/html/cretech/assets/images/shapes/funfact-one-bg.png]
[webdevcode.com/html/cretech/assets/images/projects/project-1-1.jpg]
[webdevcode.com/html/cretech/assets/images/projects/project-1-2.jpg]
[webdevcode.com/html/cretech/assets/images/projects/project-1-3.jpg]
[webdevcode.com/html/cretech/assets/images/projects/project-1-4.jpg]
[webdevcode.com/html/cretech/assets/images/projects/project-1-5.jpg]
[webdevcode.com/html/cretech/assets/images/projects/project-1-6.jpg]
[webdevcode.com/html/cretech/assets/images/background/cta-two-bg-1-1.jpg]
[webdevcode.com/html/cretech/assets/images/shapes/testi-bg-1-1.png]
[webdevcode.com/html/cretech/assets/images/resources/testi-1-1.jpg]
[webdevcode.com/html/cretech/assets/images/resources/testi-1-2.jpg]
[webdevcode.com/html/cretech/assets/images/resources/client-1-1.png]
[webdevcode.com/html/cretech/assets/images/shapes/team-home-bg-1-1.jpg]
[webdevcode.com/html/cretech/assets/images/team/team-2-1.jpg]
[webdevcode.com/html/cretech/assets/images/team/team-2-2.jpg]
[webdevcode.com/html/cretech/assets/images/team/team-2-3.jpg]
[webdevcode.com/html/cretech/assets/images/team/team-2-4.jpg]
[webdevcode.com/html/cretech/assets/images/shapes/about-three-s-1.png]
[webdevcode.com/html/cretech/assets/images/resources/about-three-1-1.png]
[webdevcode.com/html/cretech/assets/images/blog/blog-1-1.jpg]
[webdevcode.com/html/cretech/assets/images/blog/blog-1-2.jpg]
[webdevcode.com/html/cretech/assets/images/blog/blog-1-3.jpg]
[webdevcode.com/html/cretech/assets/images/logo-light.png]
[webdevcode.com/html/cretech/assets/vendors/jquery/jquery-3.6.0.min.js]
[webdevcode.com/html/cretech/assets/vendors/bootstrap/js/bootstrap.bundle.min.js]
[webdevcode.com/html/cretech/assets/vendors/jquery-validation/jquery.validate.min.js]
[webdevcode.com/html/cretech/assets/vendors/owl-carousel/owl.carousel.min.js]
[webdevcode.com/html/cretech/assets/vendors/jquery-appear/jquery.appear.min.js]
[webdevcode.com/html/cretech/assets/vendors/wow/wow.js]
[webdevcode.com/html/cretech/assets/vendors/jarallax/jarallax.min.js]
[webdevcode.com/html/cretech/assets/vendors/jquery-ajaxchimp/jquery.ajaxchimp.min.js]
[webdevcode.com/html/cretech/assets/vendors/lettering-js/jquery.lettering.js]
[webdevcode.com/html/cretech/assets/vendors/youtube-popup/youtube-popup.jquery.js]
[webdevcode.com/html/cretech/assets/js/cretech.js]
[webdevcode.com/html/cretech/index.html]
[webdevcode.com/html/cretech/assets/vendors/bootstrap/css/bootstrap.min.css]
[webdevcode.com/html/cretech/assets/vendors/fontawesome/webfonts/fa-brands-400.woff2]
[webdevcode.com/html/cretech/assets/vendors/fontawesome/webfonts/fa-regular-400.woff2]
[webdevcode.com/html/cretech/assets/vendors/fontawesome/webfonts/fa-brands-400.ttf]
[webdevcode.com/html/cretech/assets/vendors/fontawesome/webfonts/fa-regular-400.ttf]
[webdevcode.com/html/cretech/assets/vendors/fontawesome/webfonts/fa-solid-900.woff2]
[webdevcode.com/html/cretech/assets/vendors/fontawesome/webfonts/fa-v4compatibility.woff2]
[webdevcode.com/html/cretech/assets/vendors/fontawesome/css/all.min.css]
[webdevcode.com/html/cretech/assets/vendors/jarallax/jarallax.css]
[webdevcode.com/html/cretech/assets/vendors/fontawesome/webfonts/fa-v4compatibility.ttf]
[webdevcode.com/html/cretech/assets/vendors/animate/animate.min.css]
[webdevcode.com/html/cretech/assets/vendors/fontawesome/webfonts/fa-solid-900.ttf]
[webdevcode.com/html/cretech/assets/vendors/owl-carousel/assets/owl.video.play.png]
[webdevcode.com/html/cretech/assets/vendors/owl-carousel/assets/owl.carousel.min.css]
[webdevcode.com/html/cretech/assets/vendors/owl-carousel/assets/owl.theme.default.min.css]
[webdevcode.com/html/cretech/assets/vendors/cretech-icons/fonts/icomoon7a07.eot]
[webdevcode.com/html/cretech/assets/vendors/cretech-icons/fonts/icomoon7a07.ttf]
[webdevcode.com/html/cretech/assets/vendors/cretech-icons/fonts/icomoon7a07.woff]
[webdevcode.com/html/cretech/assets/vendors/cretech-icons/style.css]
[webdevcode.com/html/cretech/assets/vendors/cretech-icons/fonts/icomoon7a07.svg]
[webdevcode.com/html/cretech/assets/vendors/youtube-popup/images/close.png]
[webdevcode.com/html/cretech/assets/vendors/youtube-popup/youtube-popup.css]
[webdevcode.com/html/cretech/assets/images/shapes/pricing-one-bg-1-1.png]
[webdevcode.com/html/cretech/assets/images/shapes/price-card-bg-1-1.png]
[webdevcode.com/html/cretech/assets/images/shapes/slider-one-top-l-1.png]
[webdevcode.com/html/cretech/assets/images/shapes/slider-one-shape-1.png]
[webdevcode.com/html/cretech/assets/images/shapes/slider-one-shape-2.png]
[webdevcode.com/html/cretech/assets/images/shapes/slider-one-shape-3.png]
[webdevcode.com/html/cretech/assets/images/shapes/slider-two-shape-1-1.png]
[webdevcode.com/html/cretech/assets/images/shapes/slider-two-title-s-1-1.png]
[webdevcode.com/html/cretech/assets/images/shapes/slider-three-shape-2.png]
[webdevcode.com/html/cretech/assets/images/shapes/slider-three-shape-1.png]
[webdevcode.com/html/cretech/assets/images/shapes/page-header-1-1.png]
[webdevcode.com/html/cretech/assets/images/shapes/contact-two-bg-1-1.png]
[webdevcode.com/html/cretech/assets/images/background/footer-bg-1-1.png]
[webdevcode.com/html/cretech/assets/images/shapes/blog-home-three-bg-1-1.png]
[webdevcode.com/html/cretech/assets/images/shapes/service-card-two-bg-1-1.png]
[webdevcode.com/html/cretech/assets/images/shapes/team-shine-1-1.png]
[webdevcode.com/html/cretech/assets/images/shapes/about-two-bg-1-1.png]
[webdevcode.com/html/cretech/assets/images/shapes/about-three-bg-1-1.png]
[webdevcode.com/html/cretech/assets/images/shapes/about-five-1-1.png]
[webdevcode.com/html/cretech/assets/images/shapes/about-six-bg-1-1.png]
[webdevcode.com/html/cretech/assets/images/shapes/about-six-dots-1-1.png]
[webdevcode.com/html/cretech/assets/images/shapes/about-seven-list-bg-1-1.png]
[webdevcode.com/html/cretech/assets/images/shapes/cta-one-bg-1-1.png]
[webdevcode.com/html/cretech/assets/images/shapes/cta-one-bg-1-2.png]
[webdevcode.com/html/cretech/assets/images/shapes/cta-two-bg-1-1.png]
[webdevcode.com/html/cretech/assets/images/shapes/cta-two-title-s-1.png]
[webdevcode.com/html/cretech/assets/css/cretech.css]
[webdevcode.com/html/cretech/index-2.html]
[webdevcode.com/html/cretech/assets/vendors/ion.rangeSlider/css/ion.rangeSlider.min.css]
[webdevcode.com/html/cretech/assets/images/background/slider-2-1.jpg]
[webdevcode.com/html/cretech/assets/images/background/slider-2-2.jpg]
[webdevcode.com/html/cretech/assets/images/shapes/about-seven-bg-1-1.png]
[webdevcode.com/html/cretech/assets/images/shapes/pricing-one-bg-1-2.png]
[webdevcode.com/html/cretech/assets/images/projects/project-3-1.jpg]
[webdevcode.com/html/cretech/assets/images/projects/project-3-2.jpg]
[webdevcode.com/html/cretech/assets/images/projects/project-3-3.jpg]
[webdevcode.com/html/cretech/assets/images/projects/project-3-4.jpg]
[webdevcode.com/html/cretech/services.html]
[webdevcode.com/html/cretech/assets/images/blog/blog-h2-1.jpg]
[webdevcode.com/html/cretech/assets/images/blog/blog-h2-2.jpg]
[webdevcode.com/html/cretech/assets/images/blog/blog-h2-3.jpg]
[webdevcode.com/html/cretech/assets/vendors/ion.rangeSlider/js/ion.rangeSlider.min.js]
[webdevcode.com/html/cretech/assets/vendors/circle-progress/circle-progress.min.js]
[webdevcode.com/html/cretech/index-3.html]
[webdevcode.com/html/cretech/assets/vendors/jquery-nice-select/css/nice-select.css]
[webdevcode.com/html/cretech/assets/images/background/slider-3-1.jpg]
[webdevcode.com/html/cretech/assets/images/background/slider-3-2.jpg]
[webdevcode.com/html/cretech/assets/images/resources/about-six-1-1.jpg]
[webdevcode.com/html/cretech/assets/images/resources/about-six-1-2.jpg]
[webdevcode.com/html/cretech/assets/images/background/service-1-bg-1.png]
[webdevcode.com/html/cretech/assets/images/services/service-1-1.jpg]
[webdevcode.com/html/cretech/assets/images/services/service-1-2.jpg]
[webdevcode.com/html/cretech/assets/images/services/service-1-3.jpg]
[webdevcode.com/html/cretech/assets/images/shapes/testi-bg-2-1.png]
[webdevcode.com/html/cretech/assets/images/projects/project-2-1.jpg]
[webdevcode.com/html/cretech/assets/images/projects/project-2-2.jpg]
[webdevcode.com/html/cretech/assets/images/projects/project-2-3.jpg]
[webdevcode.com/html/cretech/assets/images/projects/project-2-4.jpg]
[webdevcode.com/html/cretech/assets/images/resources/contact-two-1.jpg]
[webdevcode.com/html/cretech/index-4.html]
[webdevcode.com/html/cretech/assets/vendors/jquery-nice-select/js/jquery.nice-select.min.js]
[webdevcode.com/html/cretech/assets/images/background/page-header-bg-1-1.jpg]
[webdevcode.com/html/cretech/assets/images/resources/about-four-1-1.jpg]
[webdevcode.com/html/cretech/about.html]
[webdevcode.com/html/cretech/assets/images/team/team-1-1.jpg]
[webdevcode.com/html/cretech/assets/images/team/team-1-2.jpg]
[webdevcode.com/html/cretech/assets/images/team/team-1-3.jpg]
[webdevcode.com/html/cretech/assets/images/team/team-1-4.jpg]
[webdevcode.com/html/cretech/assets/images/team/team-1-5.jpg]
[webdevcode.com/html/cretech/assets/images/team/team-1-6.jpg]
[webdevcode.com/html/cretech/team.html]
[webdevcode.com/html/cretech/assets/images/resources/about-1-1.png]
[webdevcode.com/html/cretech/services-1.html]
[webdevcode.com/html/cretech/assets/images/resources/about-two-1-1.jpg]
[webdevcode.com/html/cretech/services-2.html]
[webdevcode.com/html/cretech/assets/images/services/service-d-1.jpg]
[webdevcode.com/html/cretech/assets/images/services/service-d-2.jpg]
[webdevcode.com/html/cretech/assets/images/services/services-s-cta-1-1.jpg]
[webdevcode.com/html/cretech/service-cyber-security.html]
[webdevcode.com/html/cretech/service-it-management.html]
[webdevcode.com/html/cretech/service-qa-testing.html]
[webdevcode.com/html/cretech/service-infrastructure-plan.html]
[webdevcode.com/html/cretech/service-it-consultent.html]
[webdevcode.com/html/cretech/projects.html]
[webdevcode.com/html/cretech/assets/images/projects/project-d-1-1.jpg]
[webdevcode.com/html/cretech/project-details.html]
[webdevcode.com/html/cretech/assets/images/blog/blog-1-4.jpg]
[webdevcode.com/html/cretech/assets/images/blog/blog-1-5.jpg]
[webdevcode.com/html/cretech/assets/images/blog/blog-1-6.jpg]
[webdevcode.com/html/cretech/blog.html]
[webdevcode.com/html/cretech/assets/images/blog/blog-d-1-1.jpg]
[webdevcode.com/html/cretech/assets/images/blog/author-1-1.jpg]
[webdevcode.com/html/cretech/assets/images/blog/comment-1-1.png]
[webdevcode.com/html/cretech/assets/images/blog/comment-1-2.png]
[webdevcode.com/html/cretech/assets/images/blog/blog-s-1-1.png]
[webdevcode.com/html/cretech/assets/images/blog/blog-s-1-2.png]
[webdevcode.com/html/cretech/assets/images/blog/blog-s-1-3.png]
[webdevcode.com/html/cretech/blog-details.html]
[webdevcode.com/html/cretech/assets/images/background/contact-one-bg-1-1.png]
[webdevcode.com/html/cretech/contact.html]
[webdevcode.com/html/cretech/assets/vendors/cretech-icons/fonts/icomoon7a07.svg]
[webdevcode.com/html/cretech/assets/vendors/ion.rangeSlider/css/ion.rangeSlider.min.css]
[webdevcode.com/html/cretech/assets/css/style.css]
[webdevcode.com/html/cretech/department-details.html]
[webdevcode.com/html/cretech/departments.html]
[webdevcode.com/html/cretech/team-details.html]
[webdevcode.com/html/cretech/portfolio.html]
[webdevcode.com/html/cretech/portfolio-details.html]
[webdevcode.com/html/cretech/causes.html]
[webdevcode.com/html/cretech/cause-details.html]
[webdevcode.com/html/cretech/service-details.html]
[webdevcode.com/html/cretech/events.html]
[webdevcode.com/html/cretech/event-details.html]
[webdevcode.com/html/cretech/news.html]
[webdevcode.com/html/cretech/news-details.html]
[webdevcode.com/html/cretech/assets/js/theme.js]
[webdevcode.com/html/cretech/services.html]
[webdevcode.com/html/cretech/assets/vendors/jquery-nice-select/css/nice-select.css]
[webdevcode.com/html/cretech/assets/vendor/bootstrap/bootstrap.min.html]
[webdevcode.com/html/cretech/assets/vendor/font-awesome/css/all.min.html]
[webdevcode.com/html/cretech/assets/vendor/flaticon/css/flaticon_towngov.html]
[webdevcode.com/html/cretech/assets/vendor/owl-carousel/owl.carousel.min.html]
[webdevcode.com/html/cretech/assets/vendor/swiper/swiper-bundle.min.html]
[webdevcode.com/html/cretech/assets/image/bg/department-bg-1.jpg]
[webdevcode.com/html/cretech/assets/image/bg/event-bg-1.jpg]
[webdevcode.com/html/cretech/assets/image/bg/cta-bg-2.jpg]
[webdevcode.com/html/cretech/assets/image/bg/cta-bg-3.jpg]
[webdevcode.com/html/cretech/assets/image/bg/footer-bg-1.png]
[webdevcode.com/html/cretech/assets/css/style.css]
[webdevcode.com/html/cretech/assets/image/favicon/apple-touch-icon.html]
[webdevcode.com/html/cretech/assets/image/favicon/favicon-32x32.html]
[webdevcode.com/html/cretech/assets/image/favicon/favicon-16x16.html]
[webdevcode.com/html/cretech/assets/image/favicons/site.html]
[webdevcode.com/html/cretech/department-details.html]
[webdevcode.com/html/cretech/departments.html]
[webdevcode.com/html/cretech/assets/image/pattern/logo.html]
[webdevcode.com/html/cretech/team-details.html]
[webdevcode.com/html/cretech/portfolio.html]
[webdevcode.com/html/cretech/portfolio-details.html]
[webdevcode.com/html/cretech/causes.html]
[webdevcode.com/html/cretech/assets/image/bg/cause-1.jpg]
[webdevcode.com/html/cretech/cause-details.html]
[webdevcode.com/html/cretech/service-details.html]
[webdevcode.com/html/cretech/events.html]
[webdevcode.com/html/cretech/event-details.html]
[webdevcode.com/html/cretech/news.html]
[webdevcode.com/html/cretech/news-details.html]
[webdevcode.com/html/cretech/service-details-2.html]
[webdevcode.com/html/cretech/assets/image/pattern/mayor-1.html]
[webdevcode.com/html/cretech/assets/image/pattern/mayor-2.html]
[webdevcode.com/html/cretech/assets/image/pattern/client-1.html]
[webdevcode.com/html/cretech/assets/image/pattern/logo-light.html]
[webdevcode.com/html/cretech/assets/vendor/bootstrap/bootstrap.bundle.min.html]
[webdevcode.com/html/cretech/assets/vendor/jquery/jquery.min.html]
[webdevcode.com/html/cretech/assets/vendor/swiper/swiper-bundle.min-2.html]
[webdevcode.com/html/cretech/assets/vendor/owl-carousel/owl.carousel.min-2.html]
[webdevcode.com/html/cretech/assets/vendor/waypoints/jquery.waypoints.min.html]
[webdevcode.com/html/cretech/assets/vendor/counter-up/jquery.counterup.min.html]
[webdevcode.com/html/cretech/assets/image/gallery/widget-1.html]
[webdevcode.com/html/cretech/assets/image/bg/news-1.html]
[webdevcode.com/html/cretech/assets/image/bg/funfact-bg-1.html]
[webdevcode.com/html/cretech/assets/image/bg/team-contact-1.html]
[webdevcode.com/html/cretech/assets/image/bg/service-bg-1.html]
[webdevcode.com/html/cretech/assets/image/pattern/service-3.html]
[webdevcode.com/html/cretech/assets/image/bg/service-link-1.html]
[webdevcode.com/html/cretech/assets/image/bg/testimonial-bg-1.html]
[webdevcode.com/html/cretech/assets/image/bg/testimonial-two-bg.html]
[webdevcode.com/html/cretech/assets/image/pattern/cta-two-bg-1.html]
[webdevcode.com/html/cretech/assets/image/gallery/department-1.html]
[webdevcode.com/html/cretech/assets/image/gallery/department-2.html]
[webdevcode.com/html/cretech/assets/vendor/jquery-appear/jquery.appear.min.html]
[webdevcode.com/html/cretech/assets/image/gallery/department-5.html]
[webdevcode.com/html/cretech/assets/image/gallery/department-6.html]
[webdevcode.com/html/cretech/assets/image/gallery/department-7.html]
[webdevcode.com/html/cretech/assets/image/gallery/department-8.html]
[webdevcode.com/html/cretech/assets/image/gallery/department-9.html]
[webdevcode.com/html/cretech/assets/image/gallery/department-10.html]
[webdevcode.com/html/cretech/assets/image/team/team-detail-1.html]
[webdevcode.com/html/cretech/assets/vendor/jquery-validation/jquery.validate.min.html]
[webdevcode.com/html/cretech/assets/image/gallery/portfolio-9.html]
[webdevcode.com/html/cretech/assets/image/gallery/portfolio-8.html]
[webdevcode.com/html/cretech/assets/image/gallery/portfolio-7.html]
[webdevcode.com/html/cretech/assets/image/gallery/portfolio-6.html]
[webdevcode.com/html/cretech/assets/image/gallery/portfolio-5.html]
[webdevcode.com/html/cretech/assets/image/gallery/portfolio-3.html]
[webdevcode.com/html/cretech/assets/image/gallery/portfolio-1.html]
[webdevcode.com/html/cretech/assets/image/gallery/portfolio-2.html]
[webdevcode.com/html/cretech/assets/image/gallery/portfolio-4.html]
[webdevcode.com/html/cretech/assets/image/pattern/portfolio-1.html]
[webdevcode.com/html/cretech/assets/image/gallery/causes-1.html]
[webdevcode.com/html/cretech/assets/image/gallery/causes-2.html]
[webdevcode.com/html/cretech/assets/image/gallery/causes-3.html]
[webdevcode.com/html/cretech/assets/image/gallery/causes-4.html]
[webdevcode.com/html/cretech/assets/image/gallery/causes-5.html]
[webdevcode.com/html/cretech/assets/image/gallery/causes-6.html]
[webdevcode.com/html/cretech/assets/image/gallery/sidebar-visit-1.html]
[webdevcode.com/html/cretech/assets/image/gallery/sidebar-visit-2.html]
[webdevcode.com/html/cretech/assets/image/gallery/sidebar-visit-3.html]
[webdevcode.com/html/cretech/assets/image/gallery/sidebar-visit-4.html]
[webdevcode.com/html/cretech/assets/image/pattern/service-details-1.html]
[webdevcode.com/html/cretech/assets/image/gallery/event-2.html]
[webdevcode.com/html/cretech/assets/image/gallery/event-3.html]
[webdevcode.com/html/cretech/assets/image/gallery/event-4.html]
[webdevcode.com/html/cretech/assets/image/gallery/event-6.html]
[webdevcode.com/html/cretech/assets/image/gallery/event-7.html]
[webdevcode.com/html/cretech/assets/image/gallery/event-8.html]
[webdevcode.com/html/cretech/assets/image/pattern/event-5.html]
[webdevcode.com/html/cretech/assets/image/pattern/event-1.html]
[webdevcode.com/html/cretech/assets/image/pattern/event-2.html]
[webdevcode.com/html/cretech/assets/image/pattern/event-3.html]
[webdevcode.com/html/cretech/assets/image/pattern/event-4.html]
[webdevcode.com/html/cretech/assets/image/gallery/event-9.html]
[webdevcode.com/html/cretech/assets/image/gallery/event-10.html]
[webdevcode.com/html/cretech/assets/image/gallery/event-11.html]
[webdevcode.com/html/cretech/assets/image/blog/blog-1.html]
[webdevcode.com/html/cretech/assets/image/blog/blog-2.html]
[webdevcode.com/html/cretech/assets/image/blog/blog-3.html]
[webdevcode.com/html/cretech/assets/image/blog/blog-4.html]
[webdevcode.com/html/cretech/assets/image/blog/blog-5.html]
[webdevcode.com/html/cretech/assets/image/blog/blog-6.html]
[webdevcode.com/html/cretech/assets/image/gallery/news-4.html]
[webdevcode.com/html/cretech/assets/image/gallery/news-3.html]
[webdevcode.com/html/cretech/assets/image/gallery/news-details-5.html]
[webdevcode.com/html/cretech/assets/image/gallery/news-details-4.html]
[webdevcode.com/html/cretech/assets/image/gallery/news-details-1.html]
[webdevcode.com/html/cretech/assets/image/gallery/news-details-2.html]
[webdevcode.com/html/cretech/assets/image/gallery/news-details-3.html]
